# JRE version: OpenJDK Runtime Environment (8.0_342-b07) (build 1.8.0_342-b07)
# Java VM: OpenJDK 64-Bit Server VM (25.342-b07 mixed mode windows-amd64 compressed oops)
Heap:
 PSYoungGen      total 163328K, used 21406K [0x000000076b400000, 0x0000000776a80000, 0x00000007c0000000)
  eden space 151552K, 7% used [0x000000076b400000,0x000000076bfabdb8,0x0000000774800000)
  from space 11776K, 80% used [0x0000000775400000,0x0000000775d3bad0,0x0000000775f80000)
  to   space 12288K, 0% used [0x0000000774800000,0x0000000774800000,0x0000000775400000)
 ParOldGen       total 173056K, used 15363K [0x00000006c1c00000, 0x00000006cc500000, 0x000000076b400000)
  object space 173056K, 8% used [0x00000006c1c00000,0x00000006c2b00c48,0x00000006cc500000)
 Metaspace       used 42763K, capacity 45348K, committed 45400K, reserved 1087488K
  class space    used 5969K, capacity 6446K, committed 6488K, reserved 1048576K
GC Heap History (10 events):
Event: 1.929 GC heap before
{Heap before GC invocations=4 (full 1):
 PSYoungGen      total 76288K, used 6684K [0x000000076b400000, 0x0000000774900000, 0x00000007c0000000)
  eden space 65536K, 0% used [0x000000076b400000,0x000000076b400000,0x000000076f400000)
  from space 10752K, 62% used [0x000000076f400000,0x000000076fa87050,0x000000076fe80000)
  to   space 10752K, 0% used [0x0000000773e80000,0x0000000773e80000,0x0000000774900000)
 ParOldGen       total 175104K, used 32K [0x00000006c1c00000, 0x00000006cc700000, 0x000000076b400000)
  object space 175104K, 0% used [0x00000006c1c00000,0x00000006c1c08000,0x00000006cc700000)
 Metaspace       used 19872K, capacity 21176K, committed 21248K, reserved 1067008K
  class space    used 2529K, capacity 2802K, committed 2816K, reserved 1048576K
Event: 1.954 GC heap after
Heap after GC invocations=4 (full 1):
 PSYoungGen      total 76288K, used 0K [0x000000076b400000, 0x0000000774900000, 0x00000007c0000000)
  eden space 65536K, 0% used [0x000000076b400000,0x000000076b400000,0x000000076f400000)
  from space 10752K, 0% used [0x000000076f400000,0x000000076f400000,0x000000076fe80000)
  to   space 10752K, 0% used [0x0000000773e80000,0x0000000773e80000,0x0000000774900000)
 ParOldGen       total 100864K, used 6527K [0x00000006c1c00000, 0x00000006c7e80000, 0x000000076b400000)
  object space 100864K, 6% used [0x00000006c1c00000,0x00000006c225fce0,0x00000006c7e80000)
 Metaspace       used 19872K, capacity 21176K, committed 21248K, reserved 1067008K
  class space    used 2529K, capacity 2802K, committed 2816K, reserved 1048576K
}
Event: 2.745 GC heap before
{Heap before GC invocations=5 (full 1):
 PSYoungGen      total 76288K, used 65536K [0x000000076b400000, 0x0000000774900000, 0x00000007c0000000)
  eden space 65536K, 100% used [0x000000076b400000,0x000000076f400000,0x000000076f400000)
  from space 10752K, 0% used [0x000000076f400000,0x000000076f400000,0x000000076fe80000)
  to   space 10752K, 0% used [0x0000000773e80000,0x0000000773e80000,0x0000000774900000)
 ParOldGen       total 100864K, used 6527K [0x00000006c1c00000, 0x00000006c7e80000, 0x000000076b400000)
  object space 100864K, 6% used [0x00000006c1c00000,0x00000006c225fce0,0x00000006c7e80000)
 Metaspace       used 26243K, capacity 27790K, committed 28032K, reserved 1073152K
  class space    used 3591K, capacity 3893K, committed 3968K, reserved 1048576K
Event: 2.751 GC heap after
Heap after GC invocations=5 (full 1):
 PSYoungGen      total 106496K, used 6099K [0x000000076b400000, 0x0000000774480000, 0x00000007c0000000)
  eden space 100352K, 0% used [0x000000076b400000,0x000000076b400000,0x0000000771600000)
  from space 6144K, 99% used [0x0000000773e80000,0x0000000774474c50,0x0000000774480000)
  to   space 10752K, 0% used [0x0000000772f80000,0x0000000772f80000,0x0000000773a00000)
 ParOldGen       total 100864K, used 6527K [0x00000006c1c00000, 0x00000006c7e80000, 0x000000076b400000)
  object space 100864K, 6% used [0x00000006c1c00000,0x00000006c225fce0,0x00000006c7e80000)
 Metaspace       used 26243K, capacity 27790K, committed 28032K, reserved 1073152K
  class space    used 3591K, capacity 3893K, committed 3968K, reserved 1048576K
}
Event: 3.382 GC heap before
{Heap before GC invocations=6 (full 1):
 PSYoungGen      total 106496K, used 69886K [0x000000076b400000, 0x0000000774480000, 0x00000007c0000000)
  eden space 100352K, 63% used [0x000000076b400000,0x000000076f24aea8,0x0000000771600000)
  from space 6144K, 99% used [0x0000000773e80000,0x0000000774474c50,0x0000000774480000)
  to   space 10752K, 0% used [0x0000000772f80000,0x0000000772f80000,0x0000000773a00000)
 ParOldGen       total 100864K, used 6527K [0x00000006c1c00000, 0x00000006c7e80000, 0x000000076b400000)
  object space 100864K, 6% used [0x00000006c1c00000,0x00000006c225fce0,0x00000006c7e80000)
 Metaspace       used 33503K, capacity 35262K, committed 35416K, reserved 1079296K
  class space    used 4560K, capacity 4877K, committed 4952K, reserved 1048576K
Event: 3.389 GC heap after
Heap after GC invocations=6 (full 1):
 PSYoungGen      total 137216K, used 9846K [0x000000076b400000, 0x0000000775f80000, 0x00000007c0000000)
  eden space 126464K, 0% used [0x000000076b400000,0x000000076b400000,0x0000000772f80000)
  from space 10752K, 91% used [0x0000000772f80000,0x000000077391d888,0x0000000773a00000)
  to   space 11776K, 0% used [0x0000000775400000,0x0000000775400000,0x0000000775f80000)
 ParOldGen       total 100864K, used 6543K [0x00000006c1c00000, 0x00000006c7e80000, 0x000000076b400000)
  object space 100864K, 6% used [0x00000006c1c00000,0x00000006c2263cf0,0x00000006c7e80000)
 Metaspace       used 33503K, capacity 35262K, committed 35416K, reserved 1079296K
  class space    used 4560K, capacity 4877K, committed 4952K, reserved 1048576K
}
Event: 3.389 GC heap before
{Heap before GC invocations=7 (full 2):
 PSYoungGen      total 137216K, used 9846K [0x000000076b400000, 0x0000000775f80000, 0x00000007c0000000)
  eden space 126464K, 0% used [0x000000076b400000,0x000000076b400000,0x0000000772f80000)
  from space 10752K, 91% used [0x0000000772f80000,0x000000077391d888,0x0000000773a00000)
  to   space 11776K, 0% used [0x0000000775400000,0x0000000775400000,0x0000000775f80000)
 ParOldGen       total 100864K, used 6543K [0x00000006c1c00000, 0x00000006c7e80000, 0x000000076b400000)
  object space 100864K, 6% used [0x00000006c1c00000,0x00000006c2263cf0,0x00000006c7e80000)
 Metaspace       used 33503K, capacity 35262K, committed 35416K, reserved 1079296K
  class space    used 4560K, capacity 4877K, committed 4952K, reserved 1048576K
Event: 3.448 GC heap after
Heap after GC invocations=7 (full 2):
 PSYoungGen      total 137216K, used 0K [0x000000076b400000, 0x0000000775f80000, 0x00000007c0000000)
  eden space 126464K, 0% used [0x000000076b400000,0x000000076b400000,0x0000000772f80000)
  from space 10752K, 0% used [0x0000000772f80000,0x0000000772f80000,0x0000000773a00000)
  to   space 11776K, 0% used [0x0000000775400000,0x0000000775400000,0x0000000775f80000)
 ParOldGen       total 173056K, used 15355K [0x00000006c1c00000, 0x00000006cc500000, 0x000000076b400000)
  object space 173056K, 8% used [0x00000006c1c00000,0x00000006c2afec48,0x00000006cc500000)
 Metaspace       used 33503K, capacity 35262K, committed 35416K, reserved 1079296K
  class space    used 4560K, capacity 4877K, committed 4952K, reserved 1048576K
}
Event: 13.721 GC heap before
{Heap before GC invocations=8 (full 2):
 PSYoungGen      total 137216K, used 126464K [0x000000076b400000, 0x0000000775f80000, 0x00000007c0000000)
  eden space 126464K, 100% used [0x000000076b400000,0x0000000772f80000,0x0000000772f80000)
  from space 10752K, 0% used [0x0000000772f80000,0x0000000772f80000,0x0000000773a00000)
  to   space 11776K, 0% used [0x0000000775400000,0x0000000775400000,0x0000000775f80000)
 ParOldGen       total 173056K, used 15355K [0x00000006c1c00000, 0x00000006cc500000, 0x000000076b400000)
  object space 173056K, 8% used [0x00000006c1c00000,0x00000006c2afec48,0x00000006cc500000)
 Metaspace       used 41831K, capacity 44320K, committed 44504K, reserved 1087488K
  class space    used 5847K, capacity 6290K, committed 6360K, reserved 1048576K
Event: 13.732 GC heap after
Heap after GC invocations=8 (full 2):
 PSYoungGen      total 163328K, used 9454K [0x000000076b400000, 0x0000000776a80000, 0x00000007c0000000)
  eden space 151552K, 0% used [0x000000076b400000,0x000000076b400000,0x0000000774800000)
  from space 11776K, 80% used [0x0000000775400000,0x0000000775d3bad0,0x0000000775f80000)
  to   space 12288K, 0% used [0x0000000774800000,0x0000000774800000,0x0000000775400000)
 ParOldGen       total 173056K, used 15363K [0x00000006c1c00000, 0x00000006cc500000, 0x000000076b400000)
  object space 173056K, 8% used [0x00000006c1c00000,0x00000006c2b00c48,0x00000006cc500000)
 Metaspace       used 41831K, capacity 44320K, committed 44504K, reserved 1087488K
  class space    used 5847K, capacity 6290K, committed 6360K, reserved 1048576K
}

