# JRE version: OpenJDK Runtime Environment (8.0_342-b07) (build 1.8.0_342-b07)
# Java VM: OpenJDK 64-Bit Server VM (25.342-b07 mixed mode windows-amd64 compressed oops)
Heap:
 PSYoungGen      total 157696K, used 12820K [0x000000076b400000, 0x0000000777500000, 0x00000007c0000000)
  eden space 145920K, 2% used [0x000000076b400000,0x000000076b6ff610,0x0000000774280000)
  from space 11776K, 82% used [0x0000000774e80000,0x0000000775805a28,0x0000000775a00000)
  to   space 12288K, 0% used [0x0000000774280000,0x0000000774280000,0x0000000774e80000)
 ParOldGen       total 167936K, used 15459K [0x00000006c1c00000, 0x00000006cc000000, 0x000000076b400000)
  object space 167936K, 9% used [0x00000006c1c00000,0x00000006c2b18eb0,0x00000006cc000000)
 Metaspace       used 42036K, capacity 44528K, committed 44760K, reserved 1087488K
  class space    used 5878K, capacity 6294K, committed 6400K, reserved 1048576K
GC Heap History (10 events):
Event: 1.906 GC heap before
{Heap before GC invocations=4 (full 1):
 PSYoungGen      total 76288K, used 6734K [0x000000076b400000, 0x0000000774900000, 0x00000007c0000000)
  eden space 65536K, 0% used [0x000000076b400000,0x000000076b400000,0x000000076f400000)
  from space 10752K, 62% used [0x000000076f400000,0x000000076fa93928,0x000000076fe80000)
  to   space 10752K, 0% used [0x0000000773e80000,0x0000000773e80000,0x0000000774900000)
 ParOldGen       total 175104K, used 40K [0x00000006c1c00000, 0x00000006cc700000, 0x000000076b400000)
  object space 175104K, 0% used [0x00000006c1c00000,0x00000006c1c0a000,0x00000006cc700000)
 Metaspace       used 19875K, capacity 21172K, committed 21248K, reserved 1067008K
  class space    used 2529K, capacity 2802K, committed 2816K, reserved 1048576K
Event: 1.934 GC heap after
Heap after GC invocations=4 (full 1):
 PSYoungGen      total 76288K, used 0K [0x000000076b400000, 0x0000000774900000, 0x00000007c0000000)
  eden space 65536K, 0% used [0x000000076b400000,0x000000076b400000,0x000000076f400000)
  from space 10752K, 0% used [0x000000076f400000,0x000000076f400000,0x000000076fe80000)
  to   space 10752K, 0% used [0x0000000773e80000,0x0000000773e80000,0x0000000774900000)
 ParOldGen       total 103424K, used 6643K [0x00000006c1c00000, 0x00000006c8100000, 0x000000076b400000)
  object space 103424K, 6% used [0x00000006c1c00000,0x00000006c227cd58,0x00000006c8100000)
 Metaspace       used 19875K, capacity 21172K, committed 21248K, reserved 1067008K
  class space    used 2529K, capacity 2802K, committed 2816K, reserved 1048576K
}
Event: 2.705 GC heap before
{Heap before GC invocations=5 (full 1):
 PSYoungGen      total 76288K, used 65536K [0x000000076b400000, 0x0000000774900000, 0x00000007c0000000)
  eden space 65536K, 100% used [0x000000076b400000,0x000000076f400000,0x000000076f400000)
  from space 10752K, 0% used [0x000000076f400000,0x000000076f400000,0x000000076fe80000)
  to   space 10752K, 0% used [0x0000000773e80000,0x0000000773e80000,0x0000000774900000)
 ParOldGen       total 103424K, used 6643K [0x00000006c1c00000, 0x00000006c8100000, 0x000000076b400000)
  object space 103424K, 6% used [0x00000006c1c00000,0x00000006c227cd58,0x00000006c8100000)
 Metaspace       used 26278K, capacity 27778K, committed 28032K, reserved 1073152K
  class space    used 3595K, capacity 3893K, committed 3968K, reserved 1048576K
Event: 2.710 GC heap after
Heap after GC invocations=5 (full 1):
 PSYoungGen      total 104960K, used 6196K [0x000000076b400000, 0x0000000774500000, 0x00000007c0000000)
  eden space 98304K, 0% used [0x000000076b400000,0x000000076b400000,0x0000000771400000)
  from space 6656K, 93% used [0x0000000773e80000,0x000000077448d200,0x0000000774500000)
  to   space 10752K, 0% used [0x0000000773000000,0x0000000773000000,0x0000000773a80000)
 ParOldGen       total 103424K, used 6651K [0x00000006c1c00000, 0x00000006c8100000, 0x000000076b400000)
  object space 103424K, 6% used [0x00000006c1c00000,0x00000006c227ed58,0x00000006c8100000)
 Metaspace       used 26278K, capacity 27778K, committed 28032K, reserved 1073152K
  class space    used 3595K, capacity 3893K, committed 3968K, reserved 1048576K
}
Event: 3.377 GC heap before
{Heap before GC invocations=6 (full 1):
 PSYoungGen      total 104960K, used 72163K [0x000000076b400000, 0x0000000774500000, 0x00000007c0000000)
  eden space 98304K, 67% used [0x000000076b400000,0x000000076f46bc40,0x0000000771400000)
  from space 6656K, 93% used [0x0000000773e80000,0x000000077448d200,0x0000000774500000)
  to   space 10752K, 0% used [0x0000000773000000,0x0000000773000000,0x0000000773a80000)
 ParOldGen       total 103424K, used 6651K [0x00000006c1c00000, 0x00000006c8100000, 0x000000076b400000)
  object space 103424K, 6% used [0x00000006c1c00000,0x00000006c227ed58,0x00000006c8100000)
 Metaspace       used 33497K, capacity 35250K, committed 35416K, reserved 1079296K
  class space    used 4561K, capacity 4877K, committed 4992K, reserved 1048576K
Event: 3.385 GC heap after
Heap after GC invocations=6 (full 1):
 PSYoungGen      total 137728K, used 9849K [0x000000076b400000, 0x0000000775a00000, 0x00000007c0000000)
  eden space 126976K, 0% used [0x000000076b400000,0x000000076b400000,0x0000000773000000)
  from space 10752K, 91% used [0x0000000773000000,0x000000077399e510,0x0000000773a80000)
  to   space 11776K, 0% used [0x0000000774e80000,0x0000000774e80000,0x0000000775a00000)
 ParOldGen       total 103424K, used 6659K [0x00000006c1c00000, 0x00000006c8100000, 0x000000076b400000)
  object space 103424K, 6% used [0x00000006c1c00000,0x00000006c2280d58,0x00000006c8100000)
 Metaspace       used 33497K, capacity 35250K, committed 35416K, reserved 1079296K
  class space    used 4561K, capacity 4877K, committed 4992K, reserved 1048576K
}
Event: 3.385 GC heap before
{Heap before GC invocations=7 (full 2):
 PSYoungGen      total 137728K, used 9849K [0x000000076b400000, 0x0000000775a00000, 0x00000007c0000000)
  eden space 126976K, 0% used [0x000000076b400000,0x000000076b400000,0x0000000773000000)
  from space 10752K, 91% used [0x0000000773000000,0x000000077399e510,0x0000000773a80000)
  to   space 11776K, 0% used [0x0000000774e80000,0x0000000774e80000,0x0000000775a00000)
 ParOldGen       total 103424K, used 6659K [0x00000006c1c00000, 0x00000006c8100000, 0x000000076b400000)
  object space 103424K, 6% used [0x00000006c1c00000,0x00000006c2280d58,0x00000006c8100000)
 Metaspace       used 33497K, capacity 35250K, committed 35416K, reserved 1079296K
  class space    used 4561K, capacity 4877K, committed 4992K, reserved 1048576K
Event: 3.419 GC heap after
Heap after GC invocations=7 (full 2):
 PSYoungGen      total 137728K, used 0K [0x000000076b400000, 0x0000000775a00000, 0x00000007c0000000)
  eden space 126976K, 0% used [0x000000076b400000,0x000000076b400000,0x0000000773000000)
  from space 10752K, 0% used [0x0000000773000000,0x0000000773000000,0x0000000773a80000)
  to   space 11776K, 0% used [0x0000000774e80000,0x0000000774e80000,0x0000000775a00000)
 ParOldGen       total 167936K, used 15451K [0x00000006c1c00000, 0x00000006cc000000, 0x000000076b400000)
  object space 167936K, 9% used [0x00000006c1c00000,0x00000006c2b16eb0,0x00000006cc000000)
 Metaspace       used 33497K, capacity 35250K, committed 35416K, reserved 1079296K
  class space    used 4561K, capacity 4877K, committed 4992K, reserved 1048576K
}
Event: 13.399 GC heap before
{Heap before GC invocations=8 (full 2):
 PSYoungGen      total 137728K, used 126976K [0x000000076b400000, 0x0000000775a00000, 0x00000007c0000000)
  eden space 126976K, 100% used [0x000000076b400000,0x0000000773000000,0x0000000773000000)
  from space 10752K, 0% used [0x0000000773000000,0x0000000773000000,0x0000000773a80000)
  to   space 11776K, 0% used [0x0000000774e80000,0x0000000774e80000,0x0000000775a00000)
 ParOldGen       total 167936K, used 15451K [0x00000006c1c00000, 0x00000006cc000000, 0x000000076b400000)
  object space 167936K, 9% used [0x00000006c1c00000,0x00000006c2b16eb0,0x00000006cc000000)
 Metaspace       used 41950K, capacity 44456K, committed 44760K, reserved 1087488K
  class space    used 5867K, capacity 6292K, committed 6400K, reserved 1048576K
Event: 13.414 GC heap after
Heap after GC invocations=8 (full 2):
 PSYoungGen      total 157696K, used 9750K [0x000000076b400000, 0x0000000777500000, 0x00000007c0000000)
  eden space 145920K, 0% used [0x000000076b400000,0x000000076b400000,0x0000000774280000)
  from space 11776K, 82% used [0x0000000774e80000,0x0000000775805a28,0x0000000775a00000)
  to   space 12288K, 0% used [0x0000000774280000,0x0000000774280000,0x0000000774e80000)
 ParOldGen       total 167936K, used 15459K [0x00000006c1c00000, 0x00000006cc000000, 0x000000076b400000)
  object space 167936K, 9% used [0x00000006c1c00000,0x00000006c2b18eb0,0x00000006cc000000)
 Metaspace       used 41950K, capacity 44456K, committed 44760K, reserved 1087488K
  class space    used 5867K, capacity 6292K, committed 6400K, reserved 1048576K
}

